Base path: /Applications/Unity/Unity.app/Contents
Pipe name: \\.\pipe\UnityShaderCompiler-2--1334542336
Cmd: getPlatforms
Cmd: compileSnippet
  api=1 type=0 insize=1306 outsize=186 kw= ok=1
Cmd: compileSnippet
  api=8 type=1 insize=1306 outsize=1690 kw= ok=1
Cmd: compileSnippet
  api=8 type=0 insize=1373 outsize=1950 kw= ok=1
Cmd: compileSnippet
  api=4 type=1 insize=1373 outsize=1136 kw= ok=1
Cmd: compileSnippet
  api=4 type=0 insize=1126 outsize=1388 kw= ok=1
Cmd: compileSnippet
  api=1 type=1 insize=1126 outsize=235 kw= ok=1
Cmd: compileSnippet
  api=1 type=0 insize=1104 outsize=158 kw= ok=1
Cmd: compileSnippet
  api=8 type=1 insize=1104 outsize=2015 kw= ok=1
Cmd: compileSnippet
  api=8 type=0 insize=1081 outsize=1812 kw= ok=1
Cmd: compileSnippet
  api=4 type=1 insize=1081 outsize=990 kw= ok=1
End of pipe

Quitting shader compiler process
