Base path: /Applications/Unity/Unity.app/Contents
Pipe name: \\.\pipe\UnityShaderCompiler-3--1334009856
Cmd: getPlatforms
Cmd: compileSnippet
  api=4 type=0 insize=1306 outsize=1388 kw= ok=1
Cmd: compileSnippet
  api=1 type=1 insize=1306 outsize=217 kw= ok=1
Cmd: compileSnippet
  api=4 type=0 insize=1373 outsize=1388 kw= ok=1
Cmd: compileSnippet
  api=1 type=1 insize=1373 outsize=207 kw= ok=1
Cmd: compileSnippet
  api=1 type=0 insize=1126 outsize=186 kw= ok=1
Cmd: compileSnippet
  api=4 type=1 insize=1126 outsize=1047 kw= ok=1
Cmd: compileSnippet
  api=4 type=0 insize=1104 outsize=1193 kw= ok=1
Cmd: compileSnippet
  api=1 type=1 insize=1104 outsize=343 kw= ok=1
Cmd: compileSnippet
  api=1 type=0 insize=1081 outsize=171 kw= ok=1
Cmd: compileSnippet
  api=8 type=1 insize=1081 outsize=1390 kw= ok=1
End of pipe

Quitting shader compiler process
