Base path: /Applications/Unity/Unity.app/Contents
Pipe name: \\.\pipe\UnityShaderCompiler-4--1333477376
Cmd: getPlatforms
Cmd: compileSnippet
  api=8 type=0 insize=1306 outsize=1950 kw= ok=1
Cmd: compileSnippet
  api=4 type=1 insize=1306 outsize=1168 kw= ok=1
Cmd: compileSnippet
  api=1 type=0 insize=1373 outsize=186 kw= ok=1
Cmd: compileSnippet
  api=8 type=1 insize=1373 outsize=1609 kw= ok=1
Cmd: compileSnippet
  api=8 type=0 insize=1126 outsize=1950 kw= ok=1
Cmd: compileSnippet
  api=8 type=1 insize=1126 outsize=1495 kw= ok=1
Cmd: compileSnippet
  api=8 type=0 insize=1104 outsize=1690 kw= ok=1
Cmd: compileSnippet
  api=4 type=1 insize=1104 outsize=1363 kw= ok=1
Cmd: compileSnippet
  api=4 type=0 insize=1081 outsize=1274 kw= ok=1
Cmd: compileSnippet
  api=1 type=1 insize=1081 outsize=152 kw= ok=1
End of pipe

Quitting shader compiler process
